2025-08-21T13:46:39.588+05:30  INFO 2016 --- [restartedMain] com.example.branflu.BranfluApplication   : Starting BranfluApplication using Java 17.0.9 with PID 2016 (C:\Users\athar\branflu2\branflu\branflu\build\classes\java\main started by athar in C:\Users\athar\branflu2\branflu)
2025-08-21T13:46:39.596+05:30  INFO 2016 --- [restartedMain] com.example.branflu.BranfluApplication   : No active profile set, falling back to 1 default profile: "default"
2025-08-21T13:46:39.645+05:30  INFO 2016 --- [restartedMain] .e.DevToolsPropertyDefaultsPostProcessor : Devtools property defaults active! Set 'spring.devtools.add-properties' to 'false' to disable
2025-08-21T13:46:39.645+05:30  INFO 2016 --- [restartedMain] .e.DevToolsPropertyDefaultsPostProcessor : For additional web related logging consider setting the 'logging.level.web' property to 'DEBUG'
2025-08-21T13:46:40.465+05:30  INFO 2016 --- [restartedMain] .s.d.r.c.RepositoryConfigurationDelegate : Bootstrapping Spring Data JPA repositories in DEFAULT mode.
2025-08-21T13:46:40.538+05:30  INFO 2016 --- [restartedMain] .s.d.r.c.RepositoryConfigurationDelegate : Finished Spring Data repository scanning in 63 ms. Found 6 JPA repository interfaces.
2025-08-21T13:46:41.113+05:30  INFO 2016 --- [restartedMain] o.s.b.w.embedded.tomcat.TomcatWebServer  : Tomcat initialized with port 8080 (http)
2025-08-21T13:46:41.127+05:30  INFO 2016 --- [restartedMain] o.apache.catalina.core.StandardService   : Starting service [Tomcat]
2025-08-21T13:46:41.127+05:30  INFO 2016 --- [restartedMain] o.apache.catalina.core.StandardEngine    : Starting Servlet engine: [Apache Tomcat/10.1.39]
2025-08-21T13:46:41.183+05:30  INFO 2016 --- [restartedMain] o.a.c.c.C.[Tomcat].[localhost].[/]       : Initializing Spring embedded WebApplicationContext
2025-08-21T13:46:41.183+05:30  INFO 2016 --- [restartedMain] w.s.c.ServletWebServerApplicationContext : Root WebApplicationContext: initialization completed in 1537 ms
2025-08-21T13:46:41.318+05:30  INFO 2016 --- [restartedMain] o.hibernate.jpa.internal.util.LogHelper  : HHH000204: Processing PersistenceUnitInfo [name: default]
2025-08-21T13:46:41.433+05:30  INFO 2016 --- [restartedMain] org.hibernate.Version                    : HHH000412: Hibernate ORM core version 6.6.11.Final
2025-08-21T13:46:41.479+05:30  INFO 2016 --- [restartedMain] o.h.c.internal.RegionFactoryInitiator    : HHH000026: Second-level cache disabled
2025-08-21T13:46:41.807+05:30  INFO 2016 --- [restartedMain] o.s.o.j.p.SpringPersistenceUnitInfo      : No LoadTimeWeaver setup: ignoring JPA class transformer
2025-08-21T13:46:41.840+05:30  INFO 2016 --- [restartedMain] com.zaxxer.hikari.HikariDataSource       : HikariPool-1 - Starting...
2025-08-21T13:46:42.336+05:30  INFO 2016 --- [restartedMain] com.zaxxer.hikari.pool.HikariPool        : HikariPool-1 - Added connection com.mysql.cj.jdbc.ConnectionImpl@deb9d73
2025-08-21T13:46:42.338+05:30  INFO 2016 --- [restartedMain] com.zaxxer.hikari.HikariDataSource       : HikariPool-1 - Start completed.
2025-08-21T13:46:42.416+05:30  WARN 2016 --- [restartedMain] org.hibernate.orm.deprecation            : HHH90000025: MySQL8Dialect does not need to be specified explicitly using 'hibernate.dialect' (remove the property setting and it will be selected by default)
2025-08-21T13:46:42.417+05:30  WARN 2016 --- [restartedMain] org.hibernate.orm.deprecation            : HHH90000026: MySQL8Dialect has been deprecated; use org.hibernate.dialect.MySQLDialect instead
2025-08-21T13:46:42.439+05:30  INFO 2016 --- [restartedMain] org.hibernate.orm.connections.pooling    : HHH10001005: Database info:
	Database JDBC URL [Connecting through datasource 'HikariDataSource (HikariPool-1)']
	Database driver: undefined/unknown
	Database version: 8.0
	Autocommit mode: undefined/unknown
	Isolation level: undefined/unknown
	Minimum pool size: undefined/unknown
	Maximum pool size: undefined/unknown
2025-08-21T13:46:43.586+05:30  INFO 2016 --- [restartedMain] o.h.e.t.j.p.i.JtaPlatformInitiator       : HHH000489: No JTA platform available (set 'hibernate.transaction.jta.platform' to enable JTA platform integration)
2025-08-21T13:46:43.751+05:30  INFO 2016 --- [restartedMain] j.LocalContainerEntityManagerFactoryBean : Initialized JPA EntityManagerFactory for persistence unit 'default'
2025-08-21T13:46:44.262+05:30  INFO 2016 --- [restartedMain] r$InitializeUserDetailsManagerConfigurer : Global AuthenticationManager configured with UserDetailsService bean with name customUserDetailsService
2025-08-21T13:46:44.293+05:30  WARN 2016 --- [restartedMain] ConfigServletWebServerApplicationContext : Exception encountered during context initialization - cancelling refresh attempt: org.springframework.beans.factory.UnsatisfiedDependencyException: Error creating bean with name 'facebookController' defined in file [C:\Users\athar\branflu2\branflu\branflu\build\classes\java\main\com\example\branflu\controller\FacebookController.class]: Unsatisfied dependency expressed through constructor parameter 0: Error creating bean with name 'facebookService': Injection of autowired dependencies failed
2025-08-21T13:46:44.294+05:30  INFO 2016 --- [restartedMain] j.LocalContainerEntityManagerFactoryBean : Closing JPA EntityManagerFactory for persistence unit 'default'
2025-08-21T13:46:44.299+05:30  INFO 2016 --- [restartedMain] com.zaxxer.hikari.HikariDataSource       : HikariPool-1 - Shutdown initiated...
2025-08-21T13:46:44.307+05:30  INFO 2016 --- [restartedMain] com.zaxxer.hikari.HikariDataSource       : HikariPool-1 - Shutdown completed.
2025-08-21T13:46:44.309+05:30  INFO 2016 --- [restartedMain] o.apache.catalina.core.StandardService   : Stopping service [Tomcat]
2025-08-21T13:46:44.320+05:30  INFO 2016 --- [restartedMain] .s.b.a.l.ConditionEvaluationReportLogger : 

Error starting ApplicationContext. To display the condition evaluation report re-run your application with 'debug' enabled.
2025-08-21T13:46:44.338+05:30 ERROR 2016 --- [restartedMain] o.s.boot.SpringApplication               : Application run failed

org.springframework.beans.factory.UnsatisfiedDependencyException: Error creating bean with name 'facebookController' defined in file [C:\Users\athar\branflu2\branflu\branflu\build\classes\java\main\com\example\branflu\controller\FacebookController.class]: Unsatisfied dependency expressed through constructor parameter 0: Error creating bean with name 'facebookService': Injection of autowired dependencies failed
	at org.springframework.beans.factory.support.ConstructorResolver.createArgumentArray(ConstructorResolver.java:804) ~[spring-beans-6.2.5.jar:6.2.5]
	at org.springframework.beans.factory.support.ConstructorResolver.autowireConstructor(ConstructorResolver.java:240) ~[spring-beans-6.2.5.jar:6.2.5]
	at org.springframework.beans.factory.support.AbstractAutowireCapableBeanFactory.autowireConstructor(AbstractAutowireCapableBeanFactory.java:1381) ~[spring-beans-6.2.5.jar:6.2.5]
	at org.springframework.beans.factory.support.AbstractAutowireCapableBeanFactory.createBeanInstance(AbstractAutowireCapableBeanFactory.java:1218) ~[spring-beans-6.2.5.jar:6.2.5]
	at org.springframework.beans.factory.support.AbstractAutowireCapableBeanFactory.doCreateBean(AbstractAutowireCapableBeanFactory.java:563) ~[spring-beans-6.2.5.jar:6.2.5]
	at org.springframework.beans.factory.support.AbstractAutowireCapableBeanFactory.createBean(AbstractAutowireCapableBeanFactory.java:523) ~[spring-beans-6.2.5.jar:6.2.5]
	at org.springframework.beans.factory.support.AbstractBeanFactory.lambda$doGetBean$0(AbstractBeanFactory.java:339) ~[spring-beans-6.2.5.jar:6.2.5]
	at org.springframework.beans.factory.support.DefaultSingletonBeanRegistry.getSingleton(DefaultSingletonBeanRegistry.java:347) ~[spring-beans-6.2.5.jar:6.2.5]
	at org.springframework.beans.factory.support.AbstractBeanFactory.doGetBean(AbstractBeanFactory.java:337) ~[spring-beans-6.2.5.jar:6.2.5]
	at org.springframework.beans.factory.support.AbstractBeanFactory.getBean(AbstractBeanFactory.java:202) ~[spring-beans-6.2.5.jar:6.2.5]
	at org.springframework.beans.factory.support.DefaultListableBeanFactory.instantiateSingleton(DefaultListableBeanFactory.java:1155) ~[spring-beans-6.2.5.jar:6.2.5]
	at org.springframework.beans.factory.support.DefaultListableBeanFactory.preInstantiateSingleton(DefaultListableBeanFactory.java:1121) ~[spring-beans-6.2.5.jar:6.2.5]
	at org.springframework.beans.factory.support.DefaultListableBeanFactory.preInstantiateSingletons(DefaultListableBeanFactory.java:1056) ~[spring-beans-6.2.5.jar:6.2.5]
	at org.springframework.context.support.AbstractApplicationContext.finishBeanFactoryInitialization(AbstractApplicationContext.java:987) ~[spring-context-6.2.5.jar:6.2.5]
	at org.springframework.context.support.AbstractApplicationContext.refresh(AbstractApplicationContext.java:627) ~[spring-context-6.2.5.jar:6.2.5]
	at org.springframework.boot.web.servlet.context.ServletWebServerApplicationContext.refresh(ServletWebServerApplicationContext.java:146) ~[spring-boot-3.4.4.jar:3.4.4]
	at org.springframework.boot.SpringApplication.refresh(SpringApplication.java:752) ~[spring-boot-3.4.4.jar:3.4.4]
	at org.springframework.boot.SpringApplication.refreshContext(SpringApplication.java:439) ~[spring-boot-3.4.4.jar:3.4.4]
	at org.springframework.boot.SpringApplication.run(SpringApplication.java:318) ~[spring-boot-3.4.4.jar:3.4.4]
	at org.springframework.boot.SpringApplication.run(SpringApplication.java:1361) ~[spring-boot-3.4.4.jar:3.4.4]
	at org.springframework.boot.SpringApplication.run(SpringApplication.java:1350) ~[spring-boot-3.4.4.jar:3.4.4]
	at com.example.branflu.BranfluApplication.main(BranfluApplication.java:10) ~[main/:na]
	at java.base/jdk.internal.reflect.NativeMethodAccessorImpl.invoke0(Native Method) ~[na:na]
	at java.base/jdk.internal.reflect.NativeMethodAccessorImpl.invoke(NativeMethodAccessorImpl.java:77) ~[na:na]
	at java.base/jdk.internal.reflect.DelegatingMethodAccessorImpl.invoke(DelegatingMethodAccessorImpl.java:43) ~[na:na]
	at java.base/java.lang.reflect.Method.invoke(Method.java:568) ~[na:na]
	at org.springframework.boot.devtools.restart.RestartLauncher.run(RestartLauncher.java:50) ~[spring-boot-devtools-3.4.4.jar:3.4.4]
Caused by: org.springframework.beans.factory.BeanCreationException: Error creating bean with name 'facebookService': Injection of autowired dependencies failed
	at org.springframework.beans.factory.annotation.AutowiredAnnotationBeanPostProcessor.postProcessProperties(AutowiredAnnotationBeanPostProcessor.java:515) ~[spring-beans-6.2.5.jar:6.2.5]
	at org.springframework.beans.factory.support.AbstractAutowireCapableBeanFactory.populateBean(AbstractAutowireCapableBeanFactory.java:1445) ~[spring-beans-6.2.5.jar:6.2.5]
	at org.springframework.beans.factory.support.AbstractAutowireCapableBeanFactory.doCreateBean(AbstractAutowireCapableBeanFactory.java:600) ~[spring-beans-6.2.5.jar:6.2.5]
	at org.springframework.beans.factory.support.AbstractAutowireCapableBeanFactory.createBean(AbstractAutowireCapableBeanFactory.java:523) ~[spring-beans-6.2.5.jar:6.2.5]
	at org.springframework.beans.factory.support.AbstractBeanFactory.lambda$doGetBean$0(AbstractBeanFactory.java:339) ~[spring-beans-6.2.5.jar:6.2.5]
	at org.springframework.beans.factory.support.DefaultSingletonBeanRegistry.getSingleton(DefaultSingletonBeanRegistry.java:347) ~[spring-beans-6.2.5.jar:6.2.5]
	at org.springframework.beans.factory.support.AbstractBeanFactory.doGetBean(AbstractBeanFactory.java:337) ~[spring-beans-6.2.5.jar:6.2.5]
	at org.springframework.beans.factory.support.AbstractBeanFactory.getBean(AbstractBeanFactory.java:202) ~[spring-beans-6.2.5.jar:6.2.5]
	at org.springframework.beans.factory.support.DefaultListableBeanFactory.doResolveDependency(DefaultListableBeanFactory.java:1609) ~[spring-beans-6.2.5.jar:6.2.5]
	at org.springframework.beans.factory.support.DefaultListableBeanFactory.resolveDependency(DefaultListableBeanFactory.java:1555) ~[spring-beans-6.2.5.jar:6.2.5]
	at org.springframework.beans.factory.support.ConstructorResolver.resolveAutowiredArgument(ConstructorResolver.java:913) ~[spring-beans-6.2.5.jar:6.2.5]
	at org.springframework.beans.factory.support.ConstructorResolver.createArgumentArray(ConstructorResolver.java:791) ~[spring-beans-6.2.5.jar:6.2.5]
	... 26 common frames omitted
Caused by: org.springframework.util.PlaceholderResolutionException: Could not resolve placeholder 'FACEBOOK_CLIENT_ID' in value "${FACEBOOK_CLIENT_ID}" <-- "${facebook.client.id}"
	at org.springframework.util.PlaceholderResolutionException.withValue(PlaceholderResolutionException.java:81) ~[spring-core-6.2.5.jar:6.2.5]
	at org.springframework.util.PlaceholderParser$ParsedValue.resolve(PlaceholderParser.java:423) ~[spring-core-6.2.5.jar:6.2.5]
	at org.springframework.util.PlaceholderParser.replacePlaceholders(PlaceholderParser.java:128) ~[spring-core-6.2.5.jar:6.2.5]
	at org.springframework.util.PropertyPlaceholderHelper.parseStringValue(PropertyPlaceholderHelper.java:118) ~[spring-core-6.2.5.jar:6.2.5]
	at org.springframework.util.PropertyPlaceholderHelper.replacePlaceholders(PropertyPlaceholderHelper.java:114) ~[spring-core-6.2.5.jar:6.2.5]
	at org.springframework.core.env.AbstractPropertyResolver.doResolvePlaceholders(AbstractPropertyResolver.java:255) ~[spring-core-6.2.5.jar:6.2.5]
	at org.springframework.core.env.AbstractPropertyResolver.resolveRequiredPlaceholders(AbstractPropertyResolver.java:226) ~[spring-core-6.2.5.jar:6.2.5]
	at org.springframework.context.support.PropertySourcesPlaceholderConfigurer.lambda$processProperties$0(PropertySourcesPlaceholderConfigurer.java:201) ~[spring-context-6.2.5.jar:6.2.5]
	at org.springframework.beans.factory.support.AbstractBeanFactory.resolveEmbeddedValue(AbstractBeanFactory.java:971) ~[spring-beans-6.2.5.jar:6.2.5]
	at org.springframework.beans.factory.support.DefaultListableBeanFactory.doResolveDependency(DefaultListableBeanFactory.java:1577) ~[spring-beans-6.2.5.jar:6.2.5]
	at org.springframework.beans.factory.support.DefaultListableBeanFactory.resolveDependency(DefaultListableBeanFactory.java:1555) ~[spring-beans-6.2.5.jar:6.2.5]
	at org.springframework.beans.factory.annotation.AutowiredAnnotationBeanPostProcessor$AutowiredFieldElement.resolveFieldValue(AutowiredAnnotationBeanPostProcessor.java:785) ~[spring-beans-6.2.5.jar:6.2.5]
	at org.springframework.beans.factory.annotation.AutowiredAnnotationBeanPostProcessor$AutowiredFieldElement.inject(AutowiredAnnotationBeanPostProcessor.java:768) ~[spring-beans-6.2.5.jar:6.2.5]
	at org.springframework.beans.factory.annotation.InjectionMetadata.inject(InjectionMetadata.java:146) ~[spring-beans-6.2.5.jar:6.2.5]
	at org.springframework.beans.factory.annotation.AutowiredAnnotationBeanPostProcessor.postProcessProperties(AutowiredAnnotationBeanPostProcessor.java:509) ~[spring-beans-6.2.5.jar:6.2.5]
	... 37 common frames omitted

2025-08-21T13:47:02.048+05:30  INFO 6924 --- [restartedMain] com.example.branflu.BranfluApplication   : Starting BranfluApplication using Java 17.0.9 with PID 6924 (C:\Users\athar\branflu2\branflu\branflu\build\classes\java\main started by athar in C:\Users\athar\branflu2\branflu)
2025-08-21T13:47:02.052+05:30  INFO 6924 --- [restartedMain] com.example.branflu.BranfluApplication   : No active profile set, falling back to 1 default profile: "default"
2025-08-21T13:47:02.098+05:30  INFO 6924 --- [restartedMain] .e.DevToolsPropertyDefaultsPostProcessor : Devtools property defaults active! Set 'spring.devtools.add-properties' to 'false' to disable
2025-08-21T13:47:02.098+05:30  INFO 6924 --- [restartedMain] .e.DevToolsPropertyDefaultsPostProcessor : For additional web related logging consider setting the 'logging.level.web' property to 'DEBUG'
2025-08-21T13:47:02.769+05:30  INFO 6924 --- [restartedMain] .s.d.r.c.RepositoryConfigurationDelegate : Bootstrapping Spring Data JPA repositories in DEFAULT mode.
2025-08-21T13:47:02.831+05:30  INFO 6924 --- [restartedMain] .s.d.r.c.RepositoryConfigurationDelegate : Finished Spring Data repository scanning in 52 ms. Found 6 JPA repository interfaces.
2025-08-21T13:47:03.291+05:30  INFO 6924 --- [restartedMain] o.s.b.w.embedded.tomcat.TomcatWebServer  : Tomcat initialized with port 8080 (http)
2025-08-21T13:47:03.300+05:30  INFO 6924 --- [restartedMain] o.apache.catalina.core.StandardService   : Starting service [Tomcat]
2025-08-21T13:47:03.301+05:30  INFO 6924 --- [restartedMain] o.apache.catalina.core.StandardEngine    : Starting Servlet engine: [Apache Tomcat/10.1.39]
2025-08-21T13:47:03.346+05:30  INFO 6924 --- [restartedMain] o.a.c.c.C.[Tomcat].[localhost].[/]       : Initializing Spring embedded WebApplicationContext
2025-08-21T13:47:03.347+05:30  INFO 6924 --- [restartedMain] w.s.c.ServletWebServerApplicationContext : Root WebApplicationContext: initialization completed in 1247 ms
2025-08-21T13:47:03.453+05:30  INFO 6924 --- [restartedMain] o.hibernate.jpa.internal.util.LogHelper  : HHH000204: Processing PersistenceUnitInfo [name: default]
2025-08-21T13:47:03.494+05:30  INFO 6924 --- [restartedMain] org.hibernate.Version                    : HHH000412: Hibernate ORM core version 6.6.11.Final
2025-08-21T13:47:03.536+05:30  INFO 6924 --- [restartedMain] o.h.c.internal.RegionFactoryInitiator    : HHH000026: Second-level cache disabled
2025-08-21T13:47:03.790+05:30  INFO 6924 --- [restartedMain] o.s.o.j.p.SpringPersistenceUnitInfo      : No LoadTimeWeaver setup: ignoring JPA class transformer
2025-08-21T13:47:03.814+05:30  INFO 6924 --- [restartedMain] com.zaxxer.hikari.HikariDataSource       : HikariPool-1 - Starting...
2025-08-21T13:47:04.037+05:30  INFO 6924 --- [restartedMain] com.zaxxer.hikari.pool.HikariPool        : HikariPool-1 - Added connection com.mysql.cj.jdbc.ConnectionImpl@2d0db75d
2025-08-21T13:47:04.039+05:30  INFO 6924 --- [restartedMain] com.zaxxer.hikari.HikariDataSource       : HikariPool-1 - Start completed.
2025-08-21T13:47:04.078+05:30  WARN 6924 --- [restartedMain] org.hibernate.orm.deprecation            : HHH90000025: MySQL8Dialect does not need to be specified explicitly using 'hibernate.dialect' (remove the property setting and it will be selected by default)
2025-08-21T13:47:04.079+05:30  WARN 6924 --- [restartedMain] org.hibernate.orm.deprecation            : HHH90000026: MySQL8Dialect has been deprecated; use org.hibernate.dialect.MySQLDialect instead
2025-08-21T13:47:04.095+05:30  INFO 6924 --- [restartedMain] org.hibernate.orm.connections.pooling    : HHH10001005: Database info:
	Database JDBC URL [Connecting through datasource 'HikariDataSource (HikariPool-1)']
	Database driver: undefined/unknown
	Database version: 8.0
	Autocommit mode: undefined/unknown
	Isolation level: undefined/unknown
	Minimum pool size: undefined/unknown
	Maximum pool size: undefined/unknown
2025-08-21T13:47:05.920+05:30  INFO 6924 --- [restartedMain] o.h.e.t.j.p.i.JtaPlatformInitiator       : HHH000489: No JTA platform available (set 'hibernate.transaction.jta.platform' to enable JTA platform integration)
2025-08-21T13:47:06.006+05:30  INFO 6924 --- [restartedMain] j.LocalContainerEntityManagerFactoryBean : Initialized JPA EntityManagerFactory for persistence unit 'default'
2025-08-21T13:47:06.348+05:30  INFO 6924 --- [restartedMain] r$InitializeUserDetailsManagerConfigurer : Global AuthenticationManager configured with UserDetailsService bean with name customUserDetailsService
2025-08-21T13:47:06.443+05:30  WARN 6924 --- [restartedMain] JpaBaseConfiguration$JpaWebConfiguration : spring.jpa.open-in-view is enabled by default. Therefore, database queries may be performed during view rendering. Explicitly configure spring.jpa.open-in-view to disable this warning
2025-08-21T13:47:06.961+05:30  INFO 6924 --- [restartedMain] o.s.b.d.a.OptionalLiveReloadServer       : LiveReload server is running on port 35729
2025-08-21T13:47:07.000+05:30  INFO 6924 --- [restartedMain] o.s.b.w.embedded.tomcat.TomcatWebServer  : Tomcat started on port 8080 (http) with context path '/'
2025-08-21T13:47:07.008+05:30  INFO 6924 --- [restartedMain] com.example.branflu.BranfluApplication   : Started BranfluApplication in 5.37 seconds (process running for 6.056)
2025-08-21T13:51:27.479+05:30  INFO 6924 --- [SpringApplicationShutdownHook] o.s.b.w.e.tomcat.GracefulShutdown        : Commencing graceful shutdown. Waiting for active requests to complete
2025-08-21T13:51:27.713+05:30  INFO 6924 --- [tomcat-shutdown] o.s.b.w.e.tomcat.GracefulShutdown        : Graceful shutdown complete
2025-08-21T13:51:27.727+05:30  INFO 6924 --- [SpringApplicationShutdownHook] j.LocalContainerEntityManagerFactoryBean : Closing JPA EntityManagerFactory for persistence unit 'default'
2025-08-21T13:51:27.743+05:30  INFO 6924 --- [SpringApplicationShutdownHook] com.zaxxer.hikari.HikariDataSource       : HikariPool-1 - Shutdown initiated...
2025-08-21T13:51:27.759+05:30  INFO 6924 --- [SpringApplicationShutdownHook] com.zaxxer.hikari.HikariDataSource       : HikariPool-1 - Shutdown completed.
2025-08-21T14:52:39.899+05:30  INFO 17452 --- [restartedMain] com.example.branflu.BranfluApplication   : Starting BranfluApplication using Java 17.0.9 with PID 17452 (C:\Users\athar\branflu2\branflu\branflu\build\classes\java\main started by athar in C:\Users\athar\branflu2\branflu)
2025-08-21T14:52:39.903+05:30  INFO 17452 --- [restartedMain] com.example.branflu.BranfluApplication   : No active profile set, falling back to 1 default profile: "default"
2025-08-21T14:52:39.968+05:30  INFO 17452 --- [restartedMain] .e.DevToolsPropertyDefaultsPostProcessor : Devtools property defaults active! Set 'spring.devtools.add-properties' to 'false' to disable
2025-08-21T14:52:39.968+05:30  INFO 17452 --- [restartedMain] .e.DevToolsPropertyDefaultsPostProcessor : For additional web related logging consider setting the 'logging.level.web' property to 'DEBUG'
2025-08-21T14:52:40.873+05:30  INFO 17452 --- [restartedMain] .s.d.r.c.RepositoryConfigurationDelegate : Bootstrapping Spring Data JPA repositories in DEFAULT mode.
2025-08-21T14:52:40.957+05:30  INFO 17452 --- [restartedMain] .s.d.r.c.RepositoryConfigurationDelegate : Finished Spring Data repository scanning in 72 ms. Found 6 JPA repository interfaces.
2025-08-21T14:52:41.571+05:30  INFO 17452 --- [restartedMain] o.s.b.w.embedded.tomcat.TomcatWebServer  : Tomcat initialized with port 8080 (http)
2025-08-21T14:52:41.585+05:30  INFO 17452 --- [restartedMain] o.apache.catalina.core.StandardService   : Starting service [Tomcat]
2025-08-21T14:52:41.585+05:30  INFO 17452 --- [restartedMain] o.apache.catalina.core.StandardEngine    : Starting Servlet engine: [Apache Tomcat/10.1.39]
2025-08-21T14:52:41.642+05:30  INFO 17452 --- [restartedMain] o.a.c.c.C.[Tomcat].[localhost].[/]       : Initializing Spring embedded WebApplicationContext
2025-08-21T14:52:41.643+05:30  INFO 17452 --- [restartedMain] w.s.c.ServletWebServerApplicationContext : Root WebApplicationContext: initialization completed in 1675 ms
2025-08-21T14:52:41.791+05:30  INFO 17452 --- [restartedMain] o.hibernate.jpa.internal.util.LogHelper  : HHH000204: Processing PersistenceUnitInfo [name: default]
2025-08-21T14:52:41.915+05:30  INFO 17452 --- [restartedMain] org.hibernate.Version                    : HHH000412: Hibernate ORM core version 6.6.11.Final
2025-08-21T14:52:41.962+05:30  INFO 17452 --- [restartedMain] o.h.c.internal.RegionFactoryInitiator    : HHH000026: Second-level cache disabled
2025-08-21T14:52:42.326+05:30  INFO 17452 --- [restartedMain] o.s.o.j.p.SpringPersistenceUnitInfo      : No LoadTimeWeaver setup: ignoring JPA class transformer
2025-08-21T14:52:42.363+05:30  INFO 17452 --- [restartedMain] com.zaxxer.hikari.HikariDataSource       : HikariPool-1 - Starting...
2025-08-21T14:52:42.816+05:30  INFO 17452 --- [restartedMain] com.zaxxer.hikari.pool.HikariPool        : HikariPool-1 - Added connection com.mysql.cj.jdbc.ConnectionImpl@2c19df34
2025-08-21T14:52:42.818+05:30  INFO 17452 --- [restartedMain] com.zaxxer.hikari.HikariDataSource       : HikariPool-1 - Start completed.
2025-08-21T14:52:42.893+05:30  WARN 17452 --- [restartedMain] org.hibernate.orm.deprecation            : HHH90000025: MySQL8Dialect does not need to be specified explicitly using 'hibernate.dialect' (remove the property setting and it will be selected by default)
2025-08-21T14:52:42.894+05:30  WARN 17452 --- [restartedMain] org.hibernate.orm.deprecation            : HHH90000026: MySQL8Dialect has been deprecated; use org.hibernate.dialect.MySQLDialect instead
2025-08-21T14:52:42.919+05:30  INFO 17452 --- [restartedMain] org.hibernate.orm.connections.pooling    : HHH10001005: Database info:
	Database JDBC URL [Connecting through datasource 'HikariDataSource (HikariPool-1)']
	Database driver: undefined/unknown
	Database version: 8.0
	Autocommit mode: undefined/unknown
	Isolation level: undefined/unknown
	Minimum pool size: undefined/unknown
	Maximum pool size: undefined/unknown
2025-08-21T14:52:44.117+05:30  INFO 17452 --- [restartedMain] o.h.e.t.j.p.i.JtaPlatformInitiator       : HHH000489: No JTA platform available (set 'hibernate.transaction.jta.platform' to enable JTA platform integration)
2025-08-21T14:52:44.263+05:30  INFO 17452 --- [restartedMain] j.LocalContainerEntityManagerFactoryBean : Initialized JPA EntityManagerFactory for persistence unit 'default'
2025-08-21T14:52:44.733+05:30  INFO 17452 --- [restartedMain] r$InitializeUserDetailsManagerConfigurer : Global AuthenticationManager configured with UserDetailsService bean with name customUserDetailsService
2025-08-21T14:52:44.821+05:30  WARN 17452 --- [restartedMain] JpaBaseConfiguration$JpaWebConfiguration : spring.jpa.open-in-view is enabled by default. Therefore, database queries may be performed during view rendering. Explicitly configure spring.jpa.open-in-view to disable this warning
2025-08-21T14:52:45.352+05:30  INFO 17452 --- [restartedMain] o.s.b.d.a.OptionalLiveReloadServer       : LiveReload server is running on port 35729
2025-08-21T14:52:45.390+05:30  INFO 17452 --- [restartedMain] o.s.b.w.embedded.tomcat.TomcatWebServer  : Tomcat started on port 8080 (http) with context path '/'
2025-08-21T14:52:45.398+05:30  INFO 17452 --- [restartedMain] com.example.branflu.BranfluApplication   : Started BranfluApplication in 6.041 seconds (process running for 7.174)
2025-08-21T14:54:07.672+05:30  INFO 17452 --- [http-nio-8080-exec-1] o.a.c.c.C.[Tomcat].[localhost].[/]       : Initializing Spring DispatcherServlet 'dispatcherServlet'
2025-08-21T14:54:07.686+05:30  INFO 17452 --- [http-nio-8080-exec-1] o.s.web.servlet.DispatcherServlet        : Initializing Servlet 'dispatcherServlet'
2025-08-21T14:54:07.873+05:30  INFO 17452 --- [http-nio-8080-exec-1] o.s.web.servlet.DispatcherServlet        : Completed initialization in 180 ms
2025-08-21T14:54:18.276+05:30 DEBUG 17452 --- [http-nio-8080-exec-3] org.hibernate.SQL                        : select yi1_0.channel_id,yi1_0.analytics_json,yi1_0.image_url,yi1_0.last_fetched,yi1_0.subscriber_count,yi1_0.title,yi1_0.total_views,yi1_0.video_count from youtube_influencer yi1_0 where yi1_0.channel_id=?
2025-08-21T14:54:18.434+05:30 DEBUG 17452 --- [http-nio-8080-exec-3] org.hibernate.SQL                        : update youtube_influencer set analytics_json=?,image_url=?,last_fetched=?,subscriber_count=?,title=?,total_views=?,video_count=? where channel_id=?
2025-08-21T14:54:19.142+05:30 DEBUG 17452 --- [http-nio-8080-exec-3] org.hibernate.SQL                        : select ya1_0.id from youtube_analytics ya1_0 left join youtube_influencer i1_0 on i1_0.channel_id=ya1_0.channel_id where i1_0.channel_id=? and ya1_0.date=? limit ?
2025-08-21T14:54:19.171+05:30 DEBUG 17452 --- [http-nio-8080-exec-3] org.hibernate.SQL                        : select ya1_0.id from youtube_analytics ya1_0 left join youtube_influencer i1_0 on i1_0.channel_id=ya1_0.channel_id where i1_0.channel_id=? and ya1_0.date=? limit ?
2025-08-21T14:54:19.176+05:30 DEBUG 17452 --- [http-nio-8080-exec-3] org.hibernate.SQL                        : select ya1_0.id from youtube_analytics ya1_0 left join youtube_influencer i1_0 on i1_0.channel_id=ya1_0.channel_id where i1_0.channel_id=? and ya1_0.date=? limit ?
2025-08-21T14:54:19.182+05:30 DEBUG 17452 --- [http-nio-8080-exec-3] org.hibernate.SQL                        : select ya1_0.id from youtube_analytics ya1_0 left join youtube_influencer i1_0 on i1_0.channel_id=ya1_0.channel_id where i1_0.channel_id=? and ya1_0.date=? limit ?
2025-08-21T14:54:19.187+05:30 DEBUG 17452 --- [http-nio-8080-exec-3] org.hibernate.SQL                        : select ya1_0.id from youtube_analytics ya1_0 left join youtube_influencer i1_0 on i1_0.channel_id=ya1_0.channel_id where i1_0.channel_id=? and ya1_0.date=? limit ?
2025-08-21T14:54:19.193+05:30 DEBUG 17452 --- [http-nio-8080-exec-3] org.hibernate.SQL                        : select ya1_0.id from youtube_analytics ya1_0 left join youtube_influencer i1_0 on i1_0.channel_id=ya1_0.channel_id where i1_0.channel_id=? and ya1_0.date=? limit ?
2025-08-21T14:54:19.199+05:30 DEBUG 17452 --- [http-nio-8080-exec-3] org.hibernate.SQL                        : select ya1_0.id from youtube_analytics ya1_0 left join youtube_influencer i1_0 on i1_0.channel_id=ya1_0.channel_id where i1_0.channel_id=? and ya1_0.date=? limit ?
2025-08-21T14:54:19.205+05:30 DEBUG 17452 --- [http-nio-8080-exec-3] org.hibernate.SQL                        : select ya1_0.id from youtube_analytics ya1_0 left join youtube_influencer i1_0 on i1_0.channel_id=ya1_0.channel_id where i1_0.channel_id=? and ya1_0.date=? limit ?
2025-08-21T14:54:19.211+05:30 DEBUG 17452 --- [http-nio-8080-exec-3] org.hibernate.SQL                        : select ya1_0.id from youtube_analytics ya1_0 left join youtube_influencer i1_0 on i1_0.channel_id=ya1_0.channel_id where i1_0.channel_id=? and ya1_0.date=? limit ?
2025-08-21T14:54:19.217+05:30 DEBUG 17452 --- [http-nio-8080-exec-3] org.hibernate.SQL                        : select ya1_0.id from youtube_analytics ya1_0 left join youtube_influencer i1_0 on i1_0.channel_id=ya1_0.channel_id where i1_0.channel_id=? and ya1_0.date=? limit ?
2025-08-21T14:54:19.223+05:30 DEBUG 17452 --- [http-nio-8080-exec-3] org.hibernate.SQL                        : select ya1_0.id from youtube_analytics ya1_0 left join youtube_influencer i1_0 on i1_0.channel_id=ya1_0.channel_id where i1_0.channel_id=? and ya1_0.date=? limit ?
2025-08-21T14:54:19.227+05:30 DEBUG 17452 --- [http-nio-8080-exec-3] org.hibernate.SQL                        : select ya1_0.id from youtube_analytics ya1_0 left join youtube_influencer i1_0 on i1_0.channel_id=ya1_0.channel_id where i1_0.channel_id=? and ya1_0.date=? limit ?
2025-08-21T14:54:19.233+05:30 DEBUG 17452 --- [http-nio-8080-exec-3] org.hibernate.SQL                        : select ya1_0.id from youtube_analytics ya1_0 left join youtube_influencer i1_0 on i1_0.channel_id=ya1_0.channel_id where i1_0.channel_id=? and ya1_0.date=? limit ?
2025-08-21T14:54:19.237+05:30 DEBUG 17452 --- [http-nio-8080-exec-3] org.hibernate.SQL                        : select ya1_0.id from youtube_analytics ya1_0 left join youtube_influencer i1_0 on i1_0.channel_id=ya1_0.channel_id where i1_0.channel_id=? and ya1_0.date=? limit ?
2025-08-21T14:54:19.242+05:30 DEBUG 17452 --- [http-nio-8080-exec-3] org.hibernate.SQL                        : select ya1_0.id from youtube_analytics ya1_0 left join youtube_influencer i1_0 on i1_0.channel_id=ya1_0.channel_id where i1_0.channel_id=? and ya1_0.date=? limit ?
2025-08-21T14:54:19.246+05:30 DEBUG 17452 --- [http-nio-8080-exec-3] org.hibernate.SQL                        : select ya1_0.id from youtube_analytics ya1_0 left join youtube_influencer i1_0 on i1_0.channel_id=ya1_0.channel_id where i1_0.channel_id=? and ya1_0.date=? limit ?
2025-08-21T14:54:19.251+05:30 DEBUG 17452 --- [http-nio-8080-exec-3] org.hibernate.SQL                        : select ya1_0.id from youtube_analytics ya1_0 left join youtube_influencer i1_0 on i1_0.channel_id=ya1_0.channel_id where i1_0.channel_id=? and ya1_0.date=? limit ?
2025-08-21T14:54:19.255+05:30 DEBUG 17452 --- [http-nio-8080-exec-3] org.hibernate.SQL                        : select ya1_0.id from youtube_analytics ya1_0 left join youtube_influencer i1_0 on i1_0.channel_id=ya1_0.channel_id where i1_0.channel_id=? and ya1_0.date=? limit ?
2025-08-21T14:54:19.259+05:30 DEBUG 17452 --- [http-nio-8080-exec-3] org.hibernate.SQL                        : select ya1_0.id from youtube_analytics ya1_0 left join youtube_influencer i1_0 on i1_0.channel_id=ya1_0.channel_id where i1_0.channel_id=? and ya1_0.date=? limit ?
2025-08-21T14:54:19.264+05:30 DEBUG 17452 --- [http-nio-8080-exec-3] org.hibernate.SQL                        : select ya1_0.id from youtube_analytics ya1_0 left join youtube_influencer i1_0 on i1_0.channel_id=ya1_0.channel_id where i1_0.channel_id=? and ya1_0.date=? limit ?
2025-08-21T14:54:19.267+05:30 DEBUG 17452 --- [http-nio-8080-exec-3] org.hibernate.SQL                        : select ya1_0.id from youtube_analytics ya1_0 left join youtube_influencer i1_0 on i1_0.channel_id=ya1_0.channel_id where i1_0.channel_id=? and ya1_0.date=? limit ?
2025-08-21T14:54:19.272+05:30 DEBUG 17452 --- [http-nio-8080-exec-3] org.hibernate.SQL                        : select ya1_0.id from youtube_analytics ya1_0 left join youtube_influencer i1_0 on i1_0.channel_id=ya1_0.channel_id where i1_0.channel_id=? and ya1_0.date=? limit ?
2025-08-21T14:54:19.276+05:30 DEBUG 17452 --- [http-nio-8080-exec-3] org.hibernate.SQL                        : select ya1_0.id from youtube_analytics ya1_0 left join youtube_influencer i1_0 on i1_0.channel_id=ya1_0.channel_id where i1_0.channel_id=? and ya1_0.date=? limit ?
2025-08-21T14:54:19.280+05:30 DEBUG 17452 --- [http-nio-8080-exec-3] org.hibernate.SQL                        : select ya1_0.id from youtube_analytics ya1_0 left join youtube_influencer i1_0 on i1_0.channel_id=ya1_0.channel_id where i1_0.channel_id=? and ya1_0.date=? limit ?
2025-08-21T14:54:19.283+05:30 DEBUG 17452 --- [http-nio-8080-exec-3] org.hibernate.SQL                        : select ya1_0.id from youtube_analytics ya1_0 left join youtube_influencer i1_0 on i1_0.channel_id=ya1_0.channel_id where i1_0.channel_id=? and ya1_0.date=? limit ?
2025-08-21T14:54:19.286+05:30 DEBUG 17452 --- [http-nio-8080-exec-3] org.hibernate.SQL                        : select ya1_0.id from youtube_analytics ya1_0 left join youtube_influencer i1_0 on i1_0.channel_id=ya1_0.channel_id where i1_0.channel_id=? and ya1_0.date=? limit ?
2025-08-21T14:54:19.289+05:30 DEBUG 17452 --- [http-nio-8080-exec-3] org.hibernate.SQL                        : select ya1_0.id from youtube_analytics ya1_0 left join youtube_influencer i1_0 on i1_0.channel_id=ya1_0.channel_id where i1_0.channel_id=? and ya1_0.date=? limit ?
2025-08-21T14:54:19.292+05:30 DEBUG 17452 --- [http-nio-8080-exec-3] org.hibernate.SQL                        : select ya1_0.id from youtube_analytics ya1_0 left join youtube_influencer i1_0 on i1_0.channel_id=ya1_0.channel_id where i1_0.channel_id=? and ya1_0.date=? limit ?
2025-08-21T14:54:19.294+05:30 DEBUG 17452 --- [http-nio-8080-exec-3] org.hibernate.SQL                        : select ya1_0.id from youtube_analytics ya1_0 left join youtube_influencer i1_0 on i1_0.channel_id=ya1_0.channel_id where i1_0.channel_id=? and ya1_0.date=? limit ?
2025-08-21T14:54:19.298+05:30 DEBUG 17452 --- [http-nio-8080-exec-3] org.hibernate.SQL                        : select ya1_0.id from youtube_analytics ya1_0 left join youtube_influencer i1_0 on i1_0.channel_id=ya1_0.channel_id where i1_0.channel_id=? and ya1_0.date=? limit ?
2025-08-21T14:54:19.300+05:30 DEBUG 17452 --- [http-nio-8080-exec-3] org.hibernate.SQL                        : select ya1_0.id from youtube_analytics ya1_0 left join youtube_influencer i1_0 on i1_0.channel_id=ya1_0.channel_id where i1_0.channel_id=? and ya1_0.date=? limit ?
2025-08-21T14:54:19.303+05:30 DEBUG 17452 --- [http-nio-8080-exec-3] org.hibernate.SQL                        : select ya1_0.id from youtube_analytics ya1_0 left join youtube_influencer i1_0 on i1_0.channel_id=ya1_0.channel_id where i1_0.channel_id=? and ya1_0.date=? limit ?
2025-08-21T14:54:19.307+05:30 DEBUG 17452 --- [http-nio-8080-exec-3] org.hibernate.SQL                        : select ya1_0.id from youtube_analytics ya1_0 left join youtube_influencer i1_0 on i1_0.channel_id=ya1_0.channel_id where i1_0.channel_id=? and ya1_0.date=? limit ?
2025-08-21T14:54:19.310+05:30 DEBUG 17452 --- [http-nio-8080-exec-3] org.hibernate.SQL                        : select ya1_0.id from youtube_analytics ya1_0 left join youtube_influencer i1_0 on i1_0.channel_id=ya1_0.channel_id where i1_0.channel_id=? and ya1_0.date=? limit ?
2025-08-21T14:54:19.314+05:30 DEBUG 17452 --- [http-nio-8080-exec-3] org.hibernate.SQL                        : select ya1_0.id from youtube_analytics ya1_0 left join youtube_influencer i1_0 on i1_0.channel_id=ya1_0.channel_id where i1_0.channel_id=? and ya1_0.date=? limit ?
2025-08-21T14:54:19.317+05:30 DEBUG 17452 --- [http-nio-8080-exec-3] org.hibernate.SQL                        : select ya1_0.id from youtube_analytics ya1_0 left join youtube_influencer i1_0 on i1_0.channel_id=ya1_0.channel_id where i1_0.channel_id=? and ya1_0.date=? limit ?
2025-08-21T14:54:19.320+05:30 DEBUG 17452 --- [http-nio-8080-exec-3] org.hibernate.SQL                        : select ya1_0.id from youtube_analytics ya1_0 left join youtube_influencer i1_0 on i1_0.channel_id=ya1_0.channel_id where i1_0.channel_id=? and ya1_0.date=? limit ?
2025-08-21T14:54:19.323+05:30 DEBUG 17452 --- [http-nio-8080-exec-3] org.hibernate.SQL                        : select ya1_0.id from youtube_analytics ya1_0 left join youtube_influencer i1_0 on i1_0.channel_id=ya1_0.channel_id where i1_0.channel_id=? and ya1_0.date=? limit ?
2025-08-21T14:54:19.326+05:30 DEBUG 17452 --- [http-nio-8080-exec-3] org.hibernate.SQL                        : select ya1_0.id from youtube_analytics ya1_0 left join youtube_influencer i1_0 on i1_0.channel_id=ya1_0.channel_id where i1_0.channel_id=? and ya1_0.date=? limit ?
2025-08-21T14:54:19.330+05:30 DEBUG 17452 --- [http-nio-8080-exec-3] org.hibernate.SQL                        : select ya1_0.id from youtube_analytics ya1_0 left join youtube_influencer i1_0 on i1_0.channel_id=ya1_0.channel_id where i1_0.channel_id=? and ya1_0.date=? limit ?
2025-08-21T14:54:19.333+05:30 DEBUG 17452 --- [http-nio-8080-exec-3] org.hibernate.SQL                        : select ya1_0.id from youtube_analytics ya1_0 left join youtube_influencer i1_0 on i1_0.channel_id=ya1_0.channel_id where i1_0.channel_id=? and ya1_0.date=? limit ?
2025-08-21T14:54:19.337+05:30 DEBUG 17452 --- [http-nio-8080-exec-3] org.hibernate.SQL                        : select ya1_0.id from youtube_analytics ya1_0 left join youtube_influencer i1_0 on i1_0.channel_id=ya1_0.channel_id where i1_0.channel_id=? and ya1_0.date=? limit ?
2025-08-21T14:54:19.341+05:30 DEBUG 17452 --- [http-nio-8080-exec-3] org.hibernate.SQL                        : select ya1_0.id from youtube_analytics ya1_0 left join youtube_influencer i1_0 on i1_0.channel_id=ya1_0.channel_id where i1_0.channel_id=? and ya1_0.date=? limit ?
2025-08-21T14:54:19.344+05:30 DEBUG 17452 --- [http-nio-8080-exec-3] org.hibernate.SQL                        : select ya1_0.id from youtube_analytics ya1_0 left join youtube_influencer i1_0 on i1_0.channel_id=ya1_0.channel_id where i1_0.channel_id=? and ya1_0.date=? limit ?
2025-08-21T14:54:19.347+05:30 DEBUG 17452 --- [http-nio-8080-exec-3] org.hibernate.SQL                        : select ya1_0.id from youtube_analytics ya1_0 left join youtube_influencer i1_0 on i1_0.channel_id=ya1_0.channel_id where i1_0.channel_id=? and ya1_0.date=? limit ?
2025-08-21T14:54:19.350+05:30 DEBUG 17452 --- [http-nio-8080-exec-3] org.hibernate.SQL                        : select ya1_0.id from youtube_analytics ya1_0 left join youtube_influencer i1_0 on i1_0.channel_id=ya1_0.channel_id where i1_0.channel_id=? and ya1_0.date=? limit ?
2025-08-21T14:54:19.354+05:30 DEBUG 17452 --- [http-nio-8080-exec-3] org.hibernate.SQL                        : select ya1_0.id from youtube_analytics ya1_0 left join youtube_influencer i1_0 on i1_0.channel_id=ya1_0.channel_id where i1_0.channel_id=? and ya1_0.date=? limit ?
2025-08-21T14:54:19.358+05:30 DEBUG 17452 --- [http-nio-8080-exec-3] org.hibernate.SQL                        : select ya1_0.id from youtube_analytics ya1_0 left join youtube_influencer i1_0 on i1_0.channel_id=ya1_0.channel_id where i1_0.channel_id=? and ya1_0.date=? limit ?
2025-08-21T14:54:19.362+05:30 DEBUG 17452 --- [http-nio-8080-exec-3] org.hibernate.SQL                        : select ya1_0.id from youtube_analytics ya1_0 left join youtube_influencer i1_0 on i1_0.channel_id=ya1_0.channel_id where i1_0.channel_id=? and ya1_0.date=? limit ?
2025-08-21T14:54:19.366+05:30 DEBUG 17452 --- [http-nio-8080-exec-3] org.hibernate.SQL                        : select ya1_0.id from youtube_analytics ya1_0 left join youtube_influencer i1_0 on i1_0.channel_id=ya1_0.channel_id where i1_0.channel_id=? and ya1_0.date=? limit ?
2025-08-21T14:54:19.372+05:30 DEBUG 17452 --- [http-nio-8080-exec-3] org.hibernate.SQL                        : select ya1_0.id from youtube_analytics ya1_0 left join youtube_influencer i1_0 on i1_0.channel_id=ya1_0.channel_id where i1_0.channel_id=? and ya1_0.date=? limit ?
2025-08-21T14:54:19.376+05:30 DEBUG 17452 --- [http-nio-8080-exec-3] org.hibernate.SQL                        : select ya1_0.id from youtube_analytics ya1_0 left join youtube_influencer i1_0 on i1_0.channel_id=ya1_0.channel_id where i1_0.channel_id=? and ya1_0.date=? limit ?
2025-08-21T14:54:19.381+05:30 DEBUG 17452 --- [http-nio-8080-exec-3] org.hibernate.SQL                        : select ya1_0.id from youtube_analytics ya1_0 left join youtube_influencer i1_0 on i1_0.channel_id=ya1_0.channel_id where i1_0.channel_id=? and ya1_0.date=? limit ?
2025-08-21T14:54:19.385+05:30 DEBUG 17452 --- [http-nio-8080-exec-3] org.hibernate.SQL                        : select ya1_0.id from youtube_analytics ya1_0 left join youtube_influencer i1_0 on i1_0.channel_id=ya1_0.channel_id where i1_0.channel_id=? and ya1_0.date=? limit ?
2025-08-21T14:54:19.389+05:30 DEBUG 17452 --- [http-nio-8080-exec-3] org.hibernate.SQL                        : select ya1_0.id from youtube_analytics ya1_0 left join youtube_influencer i1_0 on i1_0.channel_id=ya1_0.channel_id where i1_0.channel_id=? and ya1_0.date=? limit ?
2025-08-21T14:54:19.393+05:30 DEBUG 17452 --- [http-nio-8080-exec-3] org.hibernate.SQL                        : select ya1_0.id from youtube_analytics ya1_0 left join youtube_influencer i1_0 on i1_0.channel_id=ya1_0.channel_id where i1_0.channel_id=? and ya1_0.date=? limit ?
2025-08-21T14:54:19.397+05:30 DEBUG 17452 --- [http-nio-8080-exec-3] org.hibernate.SQL                        : select ya1_0.id from youtube_analytics ya1_0 left join youtube_influencer i1_0 on i1_0.channel_id=ya1_0.channel_id where i1_0.channel_id=? and ya1_0.date=? limit ?
2025-08-21T14:54:19.402+05:30 DEBUG 17452 --- [http-nio-8080-exec-3] org.hibernate.SQL                        : select ya1_0.id from youtube_analytics ya1_0 left join youtube_influencer i1_0 on i1_0.channel_id=ya1_0.channel_id where i1_0.channel_id=? and ya1_0.date=? limit ?
2025-08-21T14:54:19.408+05:30 DEBUG 17452 --- [http-nio-8080-exec-3] org.hibernate.SQL                        : select ya1_0.id from youtube_analytics ya1_0 left join youtube_influencer i1_0 on i1_0.channel_id=ya1_0.channel_id where i1_0.channel_id=? and ya1_0.date=? limit ?
2025-08-21T14:54:19.413+05:30 DEBUG 17452 --- [http-nio-8080-exec-3] org.hibernate.SQL                        : select ya1_0.id from youtube_analytics ya1_0 left join youtube_influencer i1_0 on i1_0.channel_id=ya1_0.channel_id where i1_0.channel_id=? and ya1_0.date=? limit ?
2025-08-21T14:54:19.419+05:30 DEBUG 17452 --- [http-nio-8080-exec-3] org.hibernate.SQL                        : select ya1_0.id from youtube_analytics ya1_0 left join youtube_influencer i1_0 on i1_0.channel_id=ya1_0.channel_id where i1_0.channel_id=? and ya1_0.date=? limit ?
2025-08-21T14:54:19.425+05:30 DEBUG 17452 --- [http-nio-8080-exec-3] org.hibernate.SQL                        : select ya1_0.id from youtube_analytics ya1_0 left join youtube_influencer i1_0 on i1_0.channel_id=ya1_0.channel_id where i1_0.channel_id=? and ya1_0.date=? limit ?
2025-08-21T14:54:19.431+05:30 DEBUG 17452 --- [http-nio-8080-exec-3] org.hibernate.SQL                        : select ya1_0.id from youtube_analytics ya1_0 left join youtube_influencer i1_0 on i1_0.channel_id=ya1_0.channel_id where i1_0.channel_id=? and ya1_0.date=? limit ?
2025-08-21T14:54:19.439+05:30 DEBUG 17452 --- [http-nio-8080-exec-3] org.hibernate.SQL                        : select ya1_0.id from youtube_analytics ya1_0 left join youtube_influencer i1_0 on i1_0.channel_id=ya1_0.channel_id where i1_0.channel_id=? and ya1_0.date=? limit ?
2025-08-21T14:54:19.443+05:30 DEBUG 17452 --- [http-nio-8080-exec-3] org.hibernate.SQL                        : select ya1_0.id from youtube_analytics ya1_0 left join youtube_influencer i1_0 on i1_0.channel_id=ya1_0.channel_id where i1_0.channel_id=? and ya1_0.date=? limit ?
2025-08-21T14:54:19.448+05:30 DEBUG 17452 --- [http-nio-8080-exec-3] org.hibernate.SQL                        : select ya1_0.id from youtube_analytics ya1_0 left join youtube_influencer i1_0 on i1_0.channel_id=ya1_0.channel_id where i1_0.channel_id=? and ya1_0.date=? limit ?
2025-08-21T14:54:19.452+05:30 DEBUG 17452 --- [http-nio-8080-exec-3] org.hibernate.SQL                        : select ya1_0.id from youtube_analytics ya1_0 left join youtube_influencer i1_0 on i1_0.channel_id=ya1_0.channel_id where i1_0.channel_id=? and ya1_0.date=? limit ?
2025-08-21T14:54:19.457+05:30 DEBUG 17452 --- [http-nio-8080-exec-3] org.hibernate.SQL                        : select ya1_0.id from youtube_analytics ya1_0 left join youtube_influencer i1_0 on i1_0.channel_id=ya1_0.channel_id where i1_0.channel_id=? and ya1_0.date=? limit ?
2025-08-21T14:54:19.459+05:30 DEBUG 17452 --- [http-nio-8080-exec-3] org.hibernate.SQL                        : select ya1_0.id from youtube_analytics ya1_0 left join youtube_influencer i1_0 on i1_0.channel_id=ya1_0.channel_id where i1_0.channel_id=? and ya1_0.date=? limit ?
2025-08-21T14:54:19.464+05:30 DEBUG 17452 --- [http-nio-8080-exec-3] org.hibernate.SQL                        : select ya1_0.id from youtube_analytics ya1_0 left join youtube_influencer i1_0 on i1_0.channel_id=ya1_0.channel_id where i1_0.channel_id=? and ya1_0.date=? limit ?
2025-08-21T14:54:19.469+05:30 DEBUG 17452 --- [http-nio-8080-exec-3] org.hibernate.SQL                        : select ya1_0.id from youtube_analytics ya1_0 left join youtube_influencer i1_0 on i1_0.channel_id=ya1_0.channel_id where i1_0.channel_id=? and ya1_0.date=? limit ?
2025-08-21T14:54:19.474+05:30 DEBUG 17452 --- [http-nio-8080-exec-3] org.hibernate.SQL                        : select ya1_0.id from youtube_analytics ya1_0 left join youtube_influencer i1_0 on i1_0.channel_id=ya1_0.channel_id where i1_0.channel_id=? and ya1_0.date=? limit ?
2025-08-21T14:54:19.477+05:30 DEBUG 17452 --- [http-nio-8080-exec-3] org.hibernate.SQL                        : select ya1_0.id from youtube_analytics ya1_0 left join youtube_influencer i1_0 on i1_0.channel_id=ya1_0.channel_id where i1_0.channel_id=? and ya1_0.date=? limit ?
2025-08-21T14:54:19.483+05:30 DEBUG 17452 --- [http-nio-8080-exec-3] org.hibernate.SQL                        : select ya1_0.id from youtube_analytics ya1_0 left join youtube_influencer i1_0 on i1_0.channel_id=ya1_0.channel_id where i1_0.channel_id=? and ya1_0.date=? limit ?
2025-08-21T14:54:19.488+05:30 DEBUG 17452 --- [http-nio-8080-exec-3] org.hibernate.SQL                        : select ya1_0.id from youtube_analytics ya1_0 left join youtube_influencer i1_0 on i1_0.channel_id=ya1_0.channel_id where i1_0.channel_id=? and ya1_0.date=? limit ?
2025-08-21T14:54:19.491+05:30 DEBUG 17452 --- [http-nio-8080-exec-3] org.hibernate.SQL                        : select ya1_0.id from youtube_analytics ya1_0 left join youtube_influencer i1_0 on i1_0.channel_id=ya1_0.channel_id where i1_0.channel_id=? and ya1_0.date=? limit ?
2025-08-21T14:54:19.494+05:30 DEBUG 17452 --- [http-nio-8080-exec-3] org.hibernate.SQL                        : select ya1_0.id from youtube_analytics ya1_0 left join youtube_influencer i1_0 on i1_0.channel_id=ya1_0.channel_id where i1_0.channel_id=? and ya1_0.date=? limit ?
2025-08-21T14:54:19.499+05:30 DEBUG 17452 --- [http-nio-8080-exec-3] org.hibernate.SQL                        : select ya1_0.id from youtube_analytics ya1_0 left join youtube_influencer i1_0 on i1_0.channel_id=ya1_0.channel_id where i1_0.channel_id=? and ya1_0.date=? limit ?
2025-08-21T14:54:19.502+05:30 DEBUG 17452 --- [http-nio-8080-exec-3] org.hibernate.SQL                        : select ya1_0.id from youtube_analytics ya1_0 left join youtube_influencer i1_0 on i1_0.channel_id=ya1_0.channel_id where i1_0.channel_id=? and ya1_0.date=? limit ?
2025-08-21T14:54:19.507+05:30 DEBUG 17452 --- [http-nio-8080-exec-3] org.hibernate.SQL                        : select ya1_0.id from youtube_analytics ya1_0 left join youtube_influencer i1_0 on i1_0.channel_id=ya1_0.channel_id where i1_0.channel_id=? and ya1_0.date=? limit ?
2025-08-21T14:54:19.510+05:30 DEBUG 17452 --- [http-nio-8080-exec-3] org.hibernate.SQL                        : select ya1_0.id from youtube_analytics ya1_0 left join youtube_influencer i1_0 on i1_0.channel_id=ya1_0.channel_id where i1_0.channel_id=? and ya1_0.date=? limit ?
2025-08-21T14:54:19.514+05:30 DEBUG 17452 --- [http-nio-8080-exec-3] org.hibernate.SQL                        : select ya1_0.id from youtube_analytics ya1_0 left join youtube_influencer i1_0 on i1_0.channel_id=ya1_0.channel_id where i1_0.channel_id=? and ya1_0.date=? limit ?
2025-08-21T14:54:19.518+05:30 DEBUG 17452 --- [http-nio-8080-exec-3] org.hibernate.SQL                        : select ya1_0.id from youtube_analytics ya1_0 left join youtube_influencer i1_0 on i1_0.channel_id=ya1_0.channel_id where i1_0.channel_id=? and ya1_0.date=? limit ?
2025-08-21T14:54:19.522+05:30 DEBUG 17452 --- [http-nio-8080-exec-3] org.hibernate.SQL                        : select ya1_0.id from youtube_analytics ya1_0 left join youtube_influencer i1_0 on i1_0.channel_id=ya1_0.channel_id where i1_0.channel_id=? and ya1_0.date=? limit ?
2025-08-21T14:54:19.526+05:30 DEBUG 17452 --- [http-nio-8080-exec-3] org.hibernate.SQL                        : select ya1_0.id from youtube_analytics ya1_0 left join youtube_influencer i1_0 on i1_0.channel_id=ya1_0.channel_id where i1_0.channel_id=? and ya1_0.date=? limit ?
2025-08-21T14:54:19.531+05:30 DEBUG 17452 --- [http-nio-8080-exec-3] org.hibernate.SQL                        : select ya1_0.id from youtube_analytics ya1_0 left join youtube_influencer i1_0 on i1_0.channel_id=ya1_0.channel_id where i1_0.channel_id=? and ya1_0.date=? limit ?
2025-08-21T14:54:19.534+05:30 DEBUG 17452 --- [http-nio-8080-exec-3] org.hibernate.SQL                        : select ya1_0.id from youtube_analytics ya1_0 left join youtube_influencer i1_0 on i1_0.channel_id=ya1_0.channel_id where i1_0.channel_id=? and ya1_0.date=? limit ?
2025-08-21T14:54:19.548+05:30 DEBUG 17452 --- [http-nio-8080-exec-3] org.hibernate.SQL                        : insert into youtube_analytics (comments,date,estimated_minutes_watched,channel_id,likes,subscribers_gained,views) values (?,?,?,?,?,?,?)
2025-08-21T14:54:19.574+05:30 DEBUG 17452 --- [http-nio-8080-exec-3] org.hibernate.SQL                        : select ya1_0.id from youtube_analytics ya1_0 left join youtube_influencer i1_0 on i1_0.channel_id=ya1_0.channel_id where i1_0.channel_id=? and ya1_0.date=? limit ?
2025-08-21T14:54:19.577+05:30 DEBUG 17452 --- [http-nio-8080-exec-3] org.hibernate.SQL                        : insert into youtube_analytics (comments,date,estimated_minutes_watched,channel_id,likes,subscribers_gained,views) values (?,?,?,?,?,?,?)
2025-08-21T14:54:19.596+05:30 DEBUG 17452 --- [http-nio-8080-exec-3] org.hibernate.SQL                        : select yi1_0.channel_id,yi1_0.analytics_json,yi1_0.image_url,yi1_0.last_fetched,yi1_0.subscriber_count,yi1_0.title,yi1_0.total_views,yi1_0.video_count from youtube_influencer yi1_0 where yi1_0.channel_id=?
2025-08-21T14:54:28.734+05:30 DEBUG 17452 --- [http-nio-8080-exec-2] org.hibernate.SQL                        : select yi1_0.channel_id,yi1_0.analytics_json,yi1_0.image_url,yi1_0.last_fetched,yi1_0.subscriber_count,yi1_0.title,yi1_0.total_views,yi1_0.video_count from youtube_influencer yi1_0 where yi1_0.channel_id=?
2025-08-21T14:54:28.773+05:30 DEBUG 17452 --- [http-nio-8080-exec-2] org.hibernate.SQL                        : select ya1_0.id,ya1_0.comments,ya1_0.date,ya1_0.estimated_minutes_watched,ya1_0.channel_id,ya1_0.likes,ya1_0.subscribers_gained,ya1_0.views from youtube_analytics ya1_0 left join youtube_influencer i1_0 on i1_0.channel_id=ya1_0.channel_id where i1_0.channel_id=? order by ya1_0.date
2025-08-21T14:54:29.068+05:30 DEBUG 17452 --- [http-nio-8080-exec-6] org.hibernate.SQL                        : select yi1_0.channel_id,yi1_0.analytics_json,yi1_0.image_url,yi1_0.last_fetched,yi1_0.subscriber_count,yi1_0.title,yi1_0.total_views,yi1_0.video_count from youtube_influencer yi1_0 where yi1_0.channel_id=?
2025-08-21T14:54:29.084+05:30 DEBUG 17452 --- [http-nio-8080-exec-6] org.hibernate.SQL                        : select ya1_0.id,ya1_0.comments,ya1_0.date,ya1_0.estimated_minutes_watched,ya1_0.channel_id,ya1_0.likes,ya1_0.subscribers_gained,ya1_0.views from youtube_analytics ya1_0 left join youtube_influencer i1_0 on i1_0.channel_id=ya1_0.channel_id where i1_0.channel_id=? order by ya1_0.date
2025-08-21T14:54:40.621+05:30 DEBUG 17452 --- [http-nio-8080-exec-7] org.hibernate.SQL                        : select yi1_0.channel_id,yi1_0.analytics_json,yi1_0.image_url,yi1_0.last_fetched,yi1_0.subscriber_count,yi1_0.title,yi1_0.total_views,yi1_0.video_count from youtube_influencer yi1_0 where yi1_0.channel_id=?
2025-08-21T14:54:40.627+05:30 DEBUG 17452 --- [http-nio-8080-exec-7] org.hibernate.SQL                        : select ya1_0.id,ya1_0.comments,ya1_0.date,ya1_0.estimated_minutes_watched,ya1_0.channel_id,ya1_0.likes,ya1_0.subscribers_gained,ya1_0.views from youtube_analytics ya1_0 left join youtube_influencer i1_0 on i1_0.channel_id=ya1_0.channel_id where i1_0.channel_id=? order by ya1_0.date
2025-08-21T14:55:16.577+05:30 DEBUG 17452 --- [http-nio-8080-exec-4] org.hibernate.SQL                        : select yi1_0.channel_id,yi1_0.analytics_json,yi1_0.image_url,yi1_0.last_fetched,yi1_0.subscriber_count,yi1_0.title,yi1_0.total_views,yi1_0.video_count from youtube_influencer yi1_0 where yi1_0.channel_id=?
2025-08-21T14:55:16.580+05:30 DEBUG 17452 --- [http-nio-8080-exec-4] org.hibernate.SQL                        : select ya1_0.id,ya1_0.comments,ya1_0.date,ya1_0.estimated_minutes_watched,ya1_0.channel_id,ya1_0.likes,ya1_0.subscribers_gained,ya1_0.views from youtube_analytics ya1_0 left join youtube_influencer i1_0 on i1_0.channel_id=ya1_0.channel_id where i1_0.channel_id=? order by ya1_0.date
2025-08-21T14:58:00.693+05:30 DEBUG 17452 --- [http-nio-8080-exec-2] org.hibernate.SQL                        : select yi1_0.channel_id,yi1_0.analytics_json,yi1_0.image_url,yi1_0.last_fetched,yi1_0.subscriber_count,yi1_0.title,yi1_0.total_views,yi1_0.video_count from youtube_influencer yi1_0 where yi1_0.channel_id=?
2025-08-21T14:58:00.715+05:30 DEBUG 17452 --- [http-nio-8080-exec-2] org.hibernate.SQL                        : select ya1_0.id,ya1_0.comments,ya1_0.date,ya1_0.estimated_minutes_watched,ya1_0.channel_id,ya1_0.likes,ya1_0.subscribers_gained,ya1_0.views from youtube_analytics ya1_0 left join youtube_influencer i1_0 on i1_0.channel_id=ya1_0.channel_id where i1_0.channel_id=? order by ya1_0.date
2025-08-21T14:58:11.846+05:30 DEBUG 17452 --- [http-nio-8080-exec-5] org.hibernate.SQL                        : select yi1_0.channel_id,yi1_0.analytics_json,yi1_0.image_url,yi1_0.last_fetched,yi1_0.subscriber_count,yi1_0.title,yi1_0.total_views,yi1_0.video_count from youtube_influencer yi1_0 where yi1_0.channel_id=?
2025-08-21T14:58:11.855+05:30 DEBUG 17452 --- [http-nio-8080-exec-5] org.hibernate.SQL                        : select ya1_0.id,ya1_0.comments,ya1_0.date,ya1_0.estimated_minutes_watched,ya1_0.channel_id,ya1_0.likes,ya1_0.subscribers_gained,ya1_0.views from youtube_analytics ya1_0 left join youtube_influencer i1_0 on i1_0.channel_id=ya1_0.channel_id where i1_0.channel_id=? order by ya1_0.date
2025-08-21T15:00:01.011+05:30 DEBUG 17452 --- [http-nio-8080-exec-10] org.hibernate.SQL                        : select fu1_0.id,fu1_0.access_token,fu1_0.created_at,fu1_0.email,fu1_0.facebook_followers_count,fu1_0.facebook_user_id,fu1_0.instagram_bio,fu1_0.instagram_followers_count,fu1_0.instagram_media_count,fu1_0.insta_profile_picture_url,fu1_0.instagram_username,fu1_0.name,fu1_0.profile_picture_url,fu1_0.updated_at from facebook_users fu1_0 where fu1_0.facebook_user_id=?
2025-08-21T15:00:03.662+05:30 DEBUG 17452 --- [http-nio-8080-exec-10] org.hibernate.SQL                        : update facebook_users set access_token=?,created_at=?,email=?,facebook_followers_count=?,facebook_user_id=?,instagram_bio=?,instagram_followers_count=?,instagram_media_count=?,insta_profile_picture_url=?,instagram_username=?,name=?,profile_picture_url=?,updated_at=? where id=?
2025-08-21T15:05:36.651+05:30  INFO 17452 --- [SpringApplicationShutdownHook] o.s.b.w.e.tomcat.GracefulShutdown        : Commencing graceful shutdown. Waiting for active requests to complete
2025-08-21T15:05:36.862+05:30  INFO 17452 --- [tomcat-shutdown] o.s.b.w.e.tomcat.GracefulShutdown        : Graceful shutdown complete
2025-08-21T15:05:36.926+05:30  INFO 17452 --- [SpringApplicationShutdownHook] j.LocalContainerEntityManagerFactoryBean : Closing JPA EntityManagerFactory for persistence unit 'default'
2025-08-21T15:05:36.994+05:30  INFO 17452 --- [SpringApplicationShutdownHook] com.zaxxer.hikari.HikariDataSource       : HikariPool-1 - Shutdown initiated...
2025-08-21T15:05:37.056+05:30  INFO 17452 --- [SpringApplicationShutdownHook] com.zaxxer.hikari.HikariDataSource       : HikariPool-1 - Shutdown completed.
2025-08-21T15:05:42.504+05:30  INFO 20376 --- [restartedMain] com.example.branflu.BranfluApplication   : Starting BranfluApplication using Java 17.0.9 with PID 20376 (C:\Users\athar\branflu2\branflu\branflu\build\classes\java\main started by athar in C:\Users\athar\branflu2\branflu)
2025-08-21T15:05:42.508+05:30  INFO 20376 --- [restartedMain] com.example.branflu.BranfluApplication   : No active profile set, falling back to 1 default profile: "default"
2025-08-21T15:05:42.569+05:30  INFO 20376 --- [restartedMain] .e.DevToolsPropertyDefaultsPostProcessor : Devtools property defaults active! Set 'spring.devtools.add-properties' to 'false' to disable
2025-08-21T15:05:42.569+05:30  INFO 20376 --- [restartedMain] .e.DevToolsPropertyDefaultsPostProcessor : For additional web related logging consider setting the 'logging.level.web' property to 'DEBUG'
2025-08-21T15:05:43.538+05:30  INFO 20376 --- [restartedMain] .s.d.r.c.RepositoryConfigurationDelegate : Bootstrapping Spring Data JPA repositories in DEFAULT mode.
2025-08-21T15:05:43.626+05:30  INFO 20376 --- [restartedMain] .s.d.r.c.RepositoryConfigurationDelegate : Finished Spring Data repository scanning in 72 ms. Found 6 JPA repository interfaces.
2025-08-21T15:05:44.206+05:30  INFO 20376 --- [restartedMain] o.s.b.w.embedded.tomcat.TomcatWebServer  : Tomcat initialized with port 8080 (http)
2025-08-21T15:05:44.220+05:30  INFO 20376 --- [restartedMain] o.apache.catalina.core.StandardService   : Starting service [Tomcat]
2025-08-21T15:05:44.221+05:30  INFO 20376 --- [restartedMain] o.apache.catalina.core.StandardEngine    : Starting Servlet engine: [Apache Tomcat/10.1.39]
2025-08-21T15:05:44.276+05:30  INFO 20376 --- [restartedMain] o.a.c.c.C.[Tomcat].[localhost].[/]       : Initializing Spring embedded WebApplicationContext
2025-08-21T15:05:44.276+05:30  INFO 20376 --- [restartedMain] w.s.c.ServletWebServerApplicationContext : Root WebApplicationContext: initialization completed in 1706 ms
2025-08-21T15:05:44.417+05:30  INFO 20376 --- [restartedMain] o.hibernate.jpa.internal.util.LogHelper  : HHH000204: Processing PersistenceUnitInfo [name: default]
2025-08-21T15:05:44.552+05:30  INFO 20376 --- [restartedMain] org.hibernate.Version                    : HHH000412: Hibernate ORM core version 6.6.11.Final
2025-08-21T15:05:44.603+05:30  INFO 20376 --- [restartedMain] o.h.c.internal.RegionFactoryInitiator    : HHH000026: Second-level cache disabled
2025-08-21T15:05:44.995+05:30  INFO 20376 --- [restartedMain] o.s.o.j.p.SpringPersistenceUnitInfo      : No LoadTimeWeaver setup: ignoring JPA class transformer
2025-08-21T15:05:45.031+05:30  INFO 20376 --- [restartedMain] com.zaxxer.hikari.HikariDataSource       : HikariPool-1 - Starting...
2025-08-21T15:05:45.419+05:30  INFO 20376 --- [restartedMain] com.zaxxer.hikari.pool.HikariPool        : HikariPool-1 - Added connection com.mysql.cj.jdbc.ConnectionImpl@3fac743
2025-08-21T15:05:45.421+05:30  INFO 20376 --- [restartedMain] com.zaxxer.hikari.HikariDataSource       : HikariPool-1 - Start completed.
2025-08-21T15:05:45.489+05:30  WARN 20376 --- [restartedMain] org.hibernate.orm.deprecation            : HHH90000025: MySQL8Dialect does not need to be specified explicitly using 'hibernate.dialect' (remove the property setting and it will be selected by default)
2025-08-21T15:05:45.490+05:30  WARN 20376 --- [restartedMain] org.hibernate.orm.deprecation            : HHH90000026: MySQL8Dialect has been deprecated; use org.hibernate.dialect.MySQLDialect instead
2025-08-21T15:05:45.510+05:30  INFO 20376 --- [restartedMain] org.hibernate.orm.connections.pooling    : HHH10001005: Database info:
	Database JDBC URL [Connecting through datasource 'HikariDataSource (HikariPool-1)']
	Database driver: undefined/unknown
	Database version: 8.0
	Autocommit mode: undefined/unknown
	Isolation level: undefined/unknown
	Minimum pool size: undefined/unknown
	Maximum pool size: undefined/unknown
2025-08-21T15:05:46.697+05:30  INFO 20376 --- [restartedMain] o.h.e.t.j.p.i.JtaPlatformInitiator       : HHH000489: No JTA platform available (set 'hibernate.transaction.jta.platform' to enable JTA platform integration)
2025-08-21T15:05:46.826+05:30  INFO 20376 --- [restartedMain] j.LocalContainerEntityManagerFactoryBean : Initialized JPA EntityManagerFactory for persistence unit 'default'
2025-08-21T15:05:47.299+05:30  INFO 20376 --- [restartedMain] r$InitializeUserDetailsManagerConfigurer : Global AuthenticationManager configured with UserDetailsService bean with name customUserDetailsService
2025-08-21T15:05:47.386+05:30  WARN 20376 --- [restartedMain] JpaBaseConfiguration$JpaWebConfiguration : spring.jpa.open-in-view is enabled by default. Therefore, database queries may be performed during view rendering. Explicitly configure spring.jpa.open-in-view to disable this warning
2025-08-21T15:05:47.887+05:30  INFO 20376 --- [restartedMain] o.s.b.d.a.OptionalLiveReloadServer       : LiveReload server is running on port 35729
2025-08-21T15:05:47.933+05:30  INFO 20376 --- [restartedMain] o.s.b.w.embedded.tomcat.TomcatWebServer  : Tomcat started on port 8080 (http) with context path '/'
2025-08-21T15:05:47.942+05:30  INFO 20376 --- [restartedMain] com.example.branflu.BranfluApplication   : Started BranfluApplication in 5.956 seconds (process running for 7.098)
2025-08-21T15:18:56.526+05:30  INFO 20376 --- [http-nio-8080-exec-1] o.a.c.c.C.[Tomcat].[localhost].[/]       : Initializing Spring DispatcherServlet 'dispatcherServlet'
2025-08-21T15:18:56.533+05:30  INFO 20376 --- [http-nio-8080-exec-1] o.s.web.servlet.DispatcherServlet        : Initializing Servlet 'dispatcherServlet'
2025-08-21T15:18:56.578+05:30  INFO 20376 --- [http-nio-8080-exec-1] o.s.web.servlet.DispatcherServlet        : Completed initialization in 45 ms
2025-08-21T15:18:57.208+05:30 DEBUG 20376 --- [http-nio-8080-exec-3] org.hibernate.SQL                        : select yi1_0.channel_id,yi1_0.analytics_json,yi1_0.image_url,yi1_0.last_fetched,yi1_0.subscriber_count,yi1_0.title,yi1_0.total_views,yi1_0.video_count from youtube_influencer yi1_0 where yi1_0.channel_id=?
2025-08-21T15:18:57.610+05:30 DEBUG 20376 --- [http-nio-8080-exec-3] org.hibernate.SQL                        : select ya1_0.id,ya1_0.comments,ya1_0.date,ya1_0.estimated_minutes_watched,ya1_0.channel_id,ya1_0.likes,ya1_0.subscribers_gained,ya1_0.views from youtube_analytics ya1_0 left join youtube_influencer i1_0 on i1_0.channel_id=ya1_0.channel_id where i1_0.channel_id=? order by ya1_0.date
2025-08-21T15:18:57.853+05:30 DEBUG 20376 --- [http-nio-8080-exec-2] org.hibernate.SQL                        : select yi1_0.channel_id,yi1_0.analytics_json,yi1_0.image_url,yi1_0.last_fetched,yi1_0.subscriber_count,yi1_0.title,yi1_0.total_views,yi1_0.video_count from youtube_influencer yi1_0 where yi1_0.channel_id=?
2025-08-21T15:18:57.860+05:30 DEBUG 20376 --- [http-nio-8080-exec-2] org.hibernate.SQL                        : select ya1_0.id,ya1_0.comments,ya1_0.date,ya1_0.estimated_minutes_watched,ya1_0.channel_id,ya1_0.likes,ya1_0.subscribers_gained,ya1_0.views from youtube_analytics ya1_0 left join youtube_influencer i1_0 on i1_0.channel_id=ya1_0.channel_id where i1_0.channel_id=? order by ya1_0.date
2025-08-21T15:21:58.298+05:30  INFO 20376 --- [File Watcher] rtingClassPathChangeChangedEventListener : Restarting due to 1 class path change (0 additions, 1 deletion, 0 modifications)
2025-08-21T15:21:58.474+05:30  INFO 20376 --- [Thread-5] o.s.b.w.e.tomcat.GracefulShutdown        : Commencing graceful shutdown. Waiting for active requests to complete
2025-08-21T15:21:58.714+05:30  INFO 20376 --- [tomcat-shutdown] o.s.b.w.e.tomcat.GracefulShutdown        : Graceful shutdown complete
2025-08-21T15:21:58.780+05:30  INFO 20376 --- [Thread-5] j.LocalContainerEntityManagerFactoryBean : Closing JPA EntityManagerFactory for persistence unit 'default'
2025-08-21T15:21:58.876+05:30  INFO 20376 --- [Thread-5] com.zaxxer.hikari.HikariDataSource       : HikariPool-1 - Shutdown initiated...
2025-08-21T15:21:58.989+05:30  INFO 20376 --- [Thread-5] com.zaxxer.hikari.HikariDataSource       : HikariPool-1 - Shutdown completed.
2025-08-21T15:22:00.048+05:30  INFO 20376 --- [restartedMain] com.example.branflu.BranfluApplication   : Starting BranfluApplication using Java 17.0.9 with PID 20376 (C:\Users\athar\branflu2\branflu\branflu\build\classes\java\main started by athar in C:\Users\athar\branflu2\branflu)
2025-08-21T15:22:00.048+05:30  INFO 20376 --- [restartedMain] com.example.branflu.BranfluApplication   : No active profile set, falling back to 1 default profile: "default"
2025-08-21T15:22:01.630+05:30  INFO 20376 --- [restartedMain] .s.d.r.c.RepositoryConfigurationDelegate : Bootstrapping Spring Data JPA repositories in DEFAULT mode.
2025-08-21T15:22:01.744+05:30  INFO 20376 --- [restartedMain] .s.d.r.c.RepositoryConfigurationDelegate : Finished Spring Data repository scanning in 98 ms. Found 6 JPA repository interfaces.
2025-08-21T15:22:02.115+05:30  INFO 20376 --- [restartedMain] o.s.b.w.embedded.tomcat.TomcatWebServer  : Tomcat initialized with port 8080 (http)
2025-08-21T15:22:02.117+05:30  INFO 20376 --- [restartedMain] o.apache.catalina.core.StandardService   : Starting service [Tomcat]
2025-08-21T15:22:02.118+05:30  INFO 20376 --- [restartedMain] o.apache.catalina.core.StandardEngine    : Starting Servlet engine: [Apache Tomcat/10.1.39]
2025-08-21T15:22:02.176+05:30  INFO 20376 --- [restartedMain] o.a.c.c.C.[Tomcat].[localhost].[/]       : Initializing Spring embedded WebApplicationContext
2025-08-21T15:22:02.176+05:30  INFO 20376 --- [restartedMain] w.s.c.ServletWebServerApplicationContext : Root WebApplicationContext: initialization completed in 2111 ms
2025-08-21T15:22:02.246+05:30  INFO 20376 --- [restartedMain] o.hibernate.jpa.internal.util.LogHelper  : HHH000204: Processing PersistenceUnitInfo [name: default]
2025-08-21T15:22:02.252+05:30  INFO 20376 --- [restartedMain] o.h.c.internal.RegionFactoryInitiator    : HHH000026: Second-level cache disabled
2025-08-21T15:22:02.273+05:30  INFO 20376 --- [restartedMain] o.s.o.j.p.SpringPersistenceUnitInfo      : No LoadTimeWeaver setup: ignoring JPA class transformer
2025-08-21T15:22:02.274+05:30  INFO 20376 --- [restartedMain] com.zaxxer.hikari.HikariDataSource       : HikariPool-2 - Starting...
2025-08-21T15:22:02.470+05:30  INFO 20376 --- [restartedMain] com.zaxxer.hikari.pool.HikariPool        : HikariPool-2 - Added connection com.mysql.cj.jdbc.ConnectionImpl@6dfd8635
2025-08-21T15:22:02.471+05:30  INFO 20376 --- [restartedMain] com.zaxxer.hikari.HikariDataSource       : HikariPool-2 - Start completed.
2025-08-21T15:22:02.476+05:30  WARN 20376 --- [restartedMain] org.hibernate.orm.deprecation            : HHH90000025: MySQL8Dialect does not need to be specified explicitly using 'hibernate.dialect' (remove the property setting and it will be selected by default)
2025-08-21T15:22:02.477+05:30  WARN 20376 --- [restartedMain] org.hibernate.orm.deprecation            : HHH90000026: MySQL8Dialect has been deprecated; use org.hibernate.dialect.MySQLDialect instead
2025-08-21T15:22:02.480+05:30  INFO 20376 --- [restartedMain] org.hibernate.orm.connections.pooling    : HHH10001005: Database info:
	Database JDBC URL [Connecting through datasource 'HikariDataSource (HikariPool-2)']
	Database driver: undefined/unknown
	Database version: 8.0
	Autocommit mode: undefined/unknown
	Isolation level: undefined/unknown
	Minimum pool size: undefined/unknown
	Maximum pool size: undefined/unknown
2025-08-21T15:22:03.041+05:30  INFO 20376 --- [restartedMain] o.h.e.t.j.p.i.JtaPlatformInitiator       : HHH000489: No JTA platform available (set 'hibernate.transaction.jta.platform' to enable JTA platform integration)
2025-08-21T15:22:03.230+05:30  INFO 20376 --- [restartedMain] j.LocalContainerEntityManagerFactoryBean : Initialized JPA EntityManagerFactory for persistence unit 'default'
2025-08-21T15:22:03.377+05:30  INFO 20376 --- [restartedMain] r$InitializeUserDetailsManagerConfigurer : Global AuthenticationManager configured with UserDetailsService bean with name customUserDetailsService
2025-08-21T15:22:03.424+05:30  WARN 20376 --- [restartedMain] JpaBaseConfiguration$JpaWebConfiguration : spring.jpa.open-in-view is enabled by default. Therefore, database queries may be performed during view rendering. Explicitly configure spring.jpa.open-in-view to disable this warning
2025-08-21T15:22:03.640+05:30  INFO 20376 --- [restartedMain] o.s.b.d.a.OptionalLiveReloadServer       : LiveReload server is running on port 35729
2025-08-21T15:22:03.660+05:30  INFO 20376 --- [restartedMain] o.s.b.w.embedded.tomcat.TomcatWebServer  : Tomcat started on port 8080 (http) with context path '/'
2025-08-21T15:22:03.667+05:30  INFO 20376 --- [restartedMain] com.example.branflu.BranfluApplication   : Started BranfluApplication in 3.786 seconds (process running for 982.824)
2025-08-21T15:22:03.669+05:30  INFO 20376 --- [restartedMain] .ConditionEvaluationDeltaLoggingListener : Condition evaluation unchanged
2025-08-21T15:22:05.166+05:30  INFO 20376 --- [File Watcher] rtingClassPathChangeChangedEventListener : Restarting due to 1 class path change (1 addition, 0 deletions, 0 modifications)
2025-08-21T15:22:05.174+05:30  INFO 20376 --- [Thread-7] o.s.b.w.e.tomcat.GracefulShutdown        : Commencing graceful shutdown. Waiting for active requests to complete
2025-08-21T15:22:05.681+05:30  INFO 20376 --- [tomcat-shutdown] o.s.b.w.e.tomcat.GracefulShutdown        : Graceful shutdown complete
2025-08-21T15:22:05.688+05:30  INFO 20376 --- [Thread-7] j.LocalContainerEntityManagerFactoryBean : Closing JPA EntityManagerFactory for persistence unit 'default'
2025-08-21T15:22:05.690+05:30  INFO 20376 --- [Thread-7] com.zaxxer.hikari.HikariDataSource       : HikariPool-2 - Shutdown initiated...
2025-08-21T15:22:05.703+05:30  INFO 20376 --- [Thread-7] com.zaxxer.hikari.HikariDataSource       : HikariPool-2 - Shutdown completed.
2025-08-21T15:22:05.870+05:30  INFO 20376 --- [restartedMain] com.example.branflu.BranfluApplication   : Starting BranfluApplication using Java 17.0.9 with PID 20376 (C:\Users\athar\branflu2\branflu\branflu\build\classes\java\main started by athar in C:\Users\athar\branflu2\branflu)
2025-08-21T15:22:05.871+05:30  INFO 20376 --- [restartedMain] com.example.branflu.BranfluApplication   : No active profile set, falling back to 1 default profile: "default"
2025-08-21T15:22:06.365+05:30  INFO 20376 --- [restartedMain] .s.d.r.c.RepositoryConfigurationDelegate : Bootstrapping Spring Data JPA repositories in DEFAULT mode.
2025-08-21T15:22:06.444+05:30  INFO 20376 --- [restartedMain] .s.d.r.c.RepositoryConfigurationDelegate : Finished Spring Data repository scanning in 73 ms. Found 6 JPA repository interfaces.
2025-08-21T15:22:06.638+05:30  INFO 20376 --- [restartedMain] o.s.b.w.embedded.tomcat.TomcatWebServer  : Tomcat initialized with port 8080 (http)
2025-08-21T15:22:06.640+05:30  INFO 20376 --- [restartedMain] o.apache.catalina.core.StandardService   : Starting service [Tomcat]
2025-08-21T15:22:06.641+05:30  INFO 20376 --- [restartedMain] o.apache.catalina.core.StandardEngine    : Starting Servlet engine: [Apache Tomcat/10.1.39]
2025-08-21T15:22:06.707+05:30  INFO 20376 --- [restartedMain] o.a.c.c.C.[Tomcat].[localhost].[/]       : Initializing Spring embedded WebApplicationContext
2025-08-21T15:22:06.708+05:30  INFO 20376 --- [restartedMain] w.s.c.ServletWebServerApplicationContext : Root WebApplicationContext: initialization completed in 831 ms
2025-08-21T15:22:06.783+05:30  INFO 20376 --- [restartedMain] o.hibernate.jpa.internal.util.LogHelper  : HHH000204: Processing PersistenceUnitInfo [name: default]
2025-08-21T15:22:06.793+05:30  INFO 20376 --- [restartedMain] o.h.c.internal.RegionFactoryInitiator    : HHH000026: Second-level cache disabled
2025-08-21T15:22:06.813+05:30  INFO 20376 --- [restartedMain] o.s.o.j.p.SpringPersistenceUnitInfo      : No LoadTimeWeaver setup: ignoring JPA class transformer
2025-08-21T15:22:06.816+05:30  INFO 20376 --- [restartedMain] com.zaxxer.hikari.HikariDataSource       : HikariPool-3 - Starting...
2025-08-21T15:22:06.834+05:30  INFO 20376 --- [restartedMain] com.zaxxer.hikari.pool.HikariPool        : HikariPool-3 - Added connection com.mysql.cj.jdbc.ConnectionImpl@1fa1572c
2025-08-21T15:22:06.835+05:30  INFO 20376 --- [restartedMain] com.zaxxer.hikari.HikariDataSource       : HikariPool-3 - Start completed.
2025-08-21T15:22:06.836+05:30  WARN 20376 --- [restartedMain] org.hibernate.orm.deprecation            : HHH90000025: MySQL8Dialect does not need to be specified explicitly using 'hibernate.dialect' (remove the property setting and it will be selected by default)
2025-08-21T15:22:06.836+05:30  WARN 20376 --- [restartedMain] org.hibernate.orm.deprecation            : HHH90000026: MySQL8Dialect has been deprecated; use org.hibernate.dialect.MySQLDialect instead
2025-08-21T15:22:06.836+05:30  INFO 20376 --- [restartedMain] org.hibernate.orm.connections.pooling    : HHH10001005: Database info:
	Database JDBC URL [Connecting through datasource 'HikariDataSource (HikariPool-3)']
	Database driver: undefined/unknown
	Database version: 8.0
	Autocommit mode: undefined/unknown
	Isolation level: undefined/unknown
	Minimum pool size: undefined/unknown
	Maximum pool size: undefined/unknown
2025-08-21T15:22:07.068+05:30  INFO 20376 --- [restartedMain] o.h.e.t.j.p.i.JtaPlatformInitiator       : HHH000489: No JTA platform available (set 'hibernate.transaction.jta.platform' to enable JTA platform integration)
2025-08-21T15:22:07.116+05:30  INFO 20376 --- [restartedMain] j.LocalContainerEntityManagerFactoryBean : Initialized JPA EntityManagerFactory for persistence unit 'default'
2025-08-21T15:22:07.226+05:30  INFO 20376 --- [restartedMain] r$InitializeUserDetailsManagerConfigurer : Global AuthenticationManager configured with UserDetailsService bean with name customUserDetailsService
2025-08-21T15:22:07.260+05:30  WARN 20376 --- [restartedMain] JpaBaseConfiguration$JpaWebConfiguration : spring.jpa.open-in-view is enabled by default. Therefore, database queries may be performed during view rendering. Explicitly configure spring.jpa.open-in-view to disable this warning
2025-08-21T15:22:07.410+05:30  INFO 20376 --- [restartedMain] o.s.b.d.a.OptionalLiveReloadServer       : LiveReload server is running on port 35729
2025-08-21T15:22:07.427+05:30  INFO 20376 --- [restartedMain] o.s.b.w.embedded.tomcat.TomcatWebServer  : Tomcat started on port 8080 (http) with context path '/'
2025-08-21T15:22:07.432+05:30  INFO 20376 --- [restartedMain] com.example.branflu.BranfluApplication   : Started BranfluApplication in 1.623 seconds (process running for 986.589)
2025-08-21T15:22:07.434+05:30  INFO 20376 --- [restartedMain] .ConditionEvaluationDeltaLoggingListener : Condition evaluation unchanged
